Arguments: 
  /usr/local/bin/node /usr/local/Cellar/yarn/1.5.1_1/libexec/bin/yarn.js run watch

PATH: 
  /usr/local/bin:/usr/bin:/bin:/usr/sbin:/sbin

Yarn version: 
  1.5.1

Node version: 
  10.4.0

Platform: 
  darwin x64

npm manifest: 
  {
    "name": "Johnny-Le-React-Project",
    "version": "1.0.0",
    "description": "Super Cool Framework",
    "main": "index.js",
    "author": "Johnny Le",
    "license": "MIT",
    "homepage": "",
    "dependencies": {
      "axios": "^0.18.0",
      "babel-core": "^6.26.3",
      "babel-loader": "^6.4.1",
      "babel-preset-env": "^1.7.0",
      "babel-preset-es2015": "^6.24.1",
      "babel-preset-react": "^6.24.1",
      "babel-preset-stage-0": "^6.24.1",
      "browser-sync": "^2.24.4",
      "express": "^4.16.3",
      "gulp-autoprefixer": "^3.1.1",
      "gulp-babel": "^6.1.2",
      "gulp-concat": "^2.6.0",
      "gulp-eslint": "^3.0.1",
      "gulp-imagemin": "^3.0.3",
      "gulp-sass": "^3.2.1",
      "gulp-shell": "^0.6.3",
      "gulp-uglify": "^2.0.0",
      "gulp-watch": "^4.3.9",
      "html-webpack-plugin": "^2.28.0",
      "node-sass": "^4.9.0",
      "react": "^15.5.4",
      "react-dom": "^15.5.4",
      "react-redux": "^5.0.7",
      "react-router": "^4.1.1",
      "react-router-dom": "^4.2.2",
      "redux": "^3.6.0",
      "sass-loader": "^6.0.7",
      "serve-static": "^1.13.2",
      "standard": "^10.0.2",
      "webpack": "^2.5.1",
      "webpack-stream": "^3.2.0"
    },
    "scripts": {
      "bundle": "./node_modules/.bin/webpack",
      "production": "./node_modules/.bin/webpack -p",
      "watch": "gulp",
      "sass": "gulp styles",
      "js": "gulp webpack",
      "server": "node server.js"
    },
    "devDependencies": {
      "babel-plugin-transform-class-properties": "^6.24.1",
      "babel-preset-stage-0": "^6.24.1",
      "gulp": "^3.9.1"
    }
  }

yarn manifest: 
  No manifest

Lockfile: 
  No lockfile

Trace: 
  Error: Command failed.
  Exit signal: SIGABRT
  Command: sh
  Arguments: -c gulp
  Directory: /Users/johnny/Desktop/GitHub/Craigslist-Built-With-React
  Output:
  
      at ProcessTermError.MessageError (/usr/local/Cellar/yarn/1.5.1_1/libexec/lib/cli.js:186:110)
      at new ProcessTermError (/usr/local/Cellar/yarn/1.5.1_1/libexec/lib/cli.js:226:113)
      at ChildProcess.<anonymous> (/usr/local/Cellar/yarn/1.5.1_1/libexec/lib/cli.js:30281:17)
      at ChildProcess.emit (events.js:182:13)
      at maybeClose (internal/child_process.js:961:16)
      at Process.ChildProcess._handle.onexit (internal/child_process.js:248:5)
